[debug] [2024-05-18T18:49:50.483Z] ----------------------------------------------------------------------
[debug] [2024-05-18T18:49:50.486Z] Command:       C:\Program Files\nodejs\node.exe C:\Users\natha\AppData\Roaming\npm\node_modules\firebase-tools\lib\bin\firebase.js init
[debug] [2024-05-18T18:49:50.486Z] CLI Version:   13.7.2
[debug] [2024-05-18T18:49:50.486Z] Platform:      win32
[debug] [2024-05-18T18:49:50.486Z] Node Version:  v20.12.1
[debug] [2024-05-18T18:49:50.486Z] Time:          Sat May 18 2024 13:49:50 GMT-0500 (Central Daylight Time)
[debug] [2024-05-18T18:49:50.486Z] ----------------------------------------------------------------------
[debug] 
[debug] [2024-05-18T18:49:50.489Z] >>> [apiv2][query] GET https://firebase-public.firebaseio.com/cli.json [none]
[debug] [2024-05-18T18:49:50.597Z] > command requires scopes: ["email","openid","https://www.googleapis.com/auth/cloudplatformprojects.readonly","https://www.googleapis.com/auth/firebase","https://www.googleapis.com/auth/cloud-platform"]
[debug] [2024-05-18T18:49:50.598Z] > authorizing via signed-in user (nathanhall762@gmail.com)
[info] 
     ######## #### ########  ######## ########     ###     ######  ########
     ##        ##  ##     ## ##       ##     ##  ##   ##  ##       ##
     ######    ##  ########  ######   ########  #########  ######  ######
     ##        ##  ##    ##  ##       ##     ## ##     ##       ## ##
     ##       #### ##     ## ######## ########  ##     ##  ######  ########

You're about to initialize a Firebase project in this directory:

  C:\Code\HW_Template_Base

Before we get started, keep in mind:

  * You are currently outside your home directory
  * You are initializing within an existing Firebase project directory

[debug] [2024-05-18T18:49:50.815Z] <<< [apiv2][status] GET https://firebase-public.firebaseio.com/cli.json 200
[debug] [2024-05-18T18:49:50.816Z] <<< [apiv2][body] GET https://firebase-public.firebaseio.com/cli.json {"cloudBuildErrorAfter":1594252800000,"cloudBuildWarnAfter":1590019200000,"defaultNode10After":1594252800000,"minVersion":"3.0.5","node8DeploysDisabledAfter":1613390400000,"node8RuntimeDisabledAfter":1615809600000,"node8WarnAfter":1600128000000}
[info] 
=== Project Setup
[info] 
[info] First, let's associate this project directory with a Firebase project.
[info] You can create multiple project aliases by running firebase use --add, 
[info] but for now we'll just set up a default project.
[info] 
[debug] [2024-05-18T18:50:33.499Z] Using project from CLI flag: zarn-site
[debug] [2024-05-18T18:50:33.501Z] > refreshing access token with scopes: []
[debug] [2024-05-18T18:50:33.502Z] >>> [apiv2][query] POST https://www.googleapis.com/oauth2/v3/token [none]
[debug] [2024-05-18T18:50:33.502Z] >>> [apiv2][body] POST https://www.googleapis.com/oauth2/v3/token [omitted]
[debug] [2024-05-18T18:50:33.665Z] <<< [apiv2][status] POST https://www.googleapis.com/oauth2/v3/token 200
[debug] [2024-05-18T18:50:33.665Z] <<< [apiv2][body] POST https://www.googleapis.com/oauth2/v3/token [omitted]
[debug] [2024-05-18T18:50:33.683Z] >>> [apiv2][query] GET https://firebase.googleapis.com/v1beta1/projects/zarn-site [none]
[debug] [2024-05-18T18:50:33.966Z] <<< [apiv2][status] GET https://firebase.googleapis.com/v1beta1/projects/zarn-site 200
[debug] [2024-05-18T18:50:33.966Z] <<< [apiv2][body] GET https://firebase.googleapis.com/v1beta1/projects/zarn-site {"projectId":"zarn-site","projectNumber":"405786025575","displayName":"zarn-site","name":"projects/zarn-site","resources":{"hostingSite":"zarn-site","storageBucket":"zarn-site.appspot.com","locationId":"us-central"},"state":"ACTIVE","etag":"1_92376abb-15f1-4600-81e7-695407bd2d94"}
[info] i  Using project zarn-site (zarn-site) 
[info] 
=== Firestore Setup
[debug] [2024-05-18T18:50:33.980Z] >>> [apiv2][query] GET https://serviceusage.googleapis.com/v1/projects/zarn-site/services/firestore.googleapis.com [none]
[debug] [2024-05-18T18:50:33.980Z] >>> [apiv2][(partial)header] GET https://serviceusage.googleapis.com/v1/projects/zarn-site/services/firestore.googleapis.com x-goog-quota-user=projects/zarn-site
[debug] [2024-05-18T18:50:34.375Z] <<< [apiv2][status] GET https://serviceusage.googleapis.com/v1/projects/zarn-site/services/firestore.googleapis.com 200
[debug] [2024-05-18T18:50:34.375Z] <<< [apiv2][body] GET https://serviceusage.googleapis.com/v1/projects/zarn-site/services/firestore.googleapis.com [omitted]
[debug] [2024-05-18T18:50:34.376Z] >>> [apiv2][query] GET https://firestore.googleapis.com/v1/projects/zarn-site/databases/(default) [none]
[debug] [2024-05-18T18:50:34.679Z] <<< [apiv2][status] GET https://firestore.googleapis.com/v1/projects/zarn-site/databases/(default) 200
[debug] [2024-05-18T18:50:34.679Z] <<< [apiv2][body] GET https://firestore.googleapis.com/v1/projects/zarn-site/databases/(default) {"name":"projects/zarn-site/databases/(default)","uid":"60a5ee23-3c5f-4ef1-9826-8a80e3a3a6ae","createTime":"2024-04-17T19:44:51.615550Z","updateTime":"2024-04-17T19:44:51.615550Z","locationId":"nam5","type":"FIRESTORE_NATIVE","concurrencyMode":"PESSIMISTIC","versionRetentionPeriod":"3600s","earliestVersionTime":"2024-05-18T17:50:36.141154Z","appEngineIntegrationMode":"DISABLED","keyPrefix":"s","pointInTimeRecoveryEnablement":"POINT_IN_TIME_RECOVERY_DISABLED","deleteProtectionState":"DELETE_PROTECTION_DISABLED","etag":"IMr30Izvl4YDMJL4tumNyoUD"}
[debug] [2024-05-18T18:50:34.680Z] database_type: FIRESTORE_NATIVE
[debug] [2024-05-18T18:50:34.681Z] > command requires scopes: ["email","openid","https://www.googleapis.com/auth/cloudplatformprojects.readonly","https://www.googleapis.com/auth/firebase","https://www.googleapis.com/auth/cloud-platform"]
[debug] [2024-05-18T18:50:34.681Z] > authorizing via signed-in user (nathanhall762@gmail.com)
[debug] [2024-05-18T18:50:34.681Z] [iam] checking project zarn-site for permissions ["firebase.projects.get"]
[debug] [2024-05-18T18:50:34.682Z] >>> [apiv2][query] POST https://cloudresourcemanager.googleapis.com/v1/projects/zarn-site:testIamPermissions [none]
[debug] [2024-05-18T18:50:34.682Z] >>> [apiv2][(partial)header] POST https://cloudresourcemanager.googleapis.com/v1/projects/zarn-site:testIamPermissions x-goog-quota-user=projects/zarn-site
[debug] [2024-05-18T18:50:34.682Z] >>> [apiv2][body] POST https://cloudresourcemanager.googleapis.com/v1/projects/zarn-site:testIamPermissions {"permissions":["firebase.projects.get"]}
[debug] [2024-05-18T18:50:34.930Z] <<< [apiv2][status] POST https://cloudresourcemanager.googleapis.com/v1/projects/zarn-site:testIamPermissions 200
[debug] [2024-05-18T18:50:34.930Z] <<< [apiv2][body] POST https://cloudresourcemanager.googleapis.com/v1/projects/zarn-site:testIamPermissions {"permissions":["firebase.projects.get"]}
[info] 
[info] Firestore Security Rules allow you to define how and when to allow
[info] requests. You can keep these rules in your project directory
[info] and publish them with firebase deploy.
[info] 
